  Audio Player.cpp
C:\Users\Ozone\source\repos\Audio Player\Audio Player\Music\MusicPlayer\MusicPlayer.h(41,80): warning C4244: 'argument': conversion from 'float' to 'int', possible loss of data
C:\Users\Ozone\source\repos\Audio Player\Audio Player\Interactables\Interactables.h(290,28): warning C4305: 'initializing': truncation from 'double' to 'float'
C:\Users\Ozone\source\repos\Audio Player\Audio Player\Interactables\Interactables.h(328,1): warning C4267: 'initializing': conversion from 'size_t' to 'int', possible loss of data
C:\Users\Ozone\source\repos\Audio Player\Audio Player\Interactables\Interactables.h(398,1): warning C4267: 'initializing': conversion from 'size_t' to 'int', possible loss of data
C:\Users\Ozone\source\repos\Audio Player\Audio Player\Interactables\Interactables.h(400,1): warning C4244: '-=': conversion from 'double' to 'float', possible loss of data
C:\Users\Ozone\source\repos\Audio Player\Audio Player\Interactables\Interactables.h(404,1): warning C4244: '+=': conversion from 'double' to 'float', possible loss of data
C:\Users\Ozone\source\repos\Audio Player\Audio Player\Interactables\Interactables.h(413,14): warning C4244: 'initializing': conversion from 'double' to 'float', possible loss of data
C:\Users\Ozone\source\repos\Audio Player\Audio Player\Interactables\Interactables.h(414,1): warning C4244: '-=': conversion from 'double' to 'float', possible loss of data
C:\Users\Ozone\source\repos\Audio Player\Audio Player\Interactables\Interactables.h(474,1): warning C4267: 'initializing': conversion from 'size_t' to 'int', possible loss of data
C:\Users\Ozone\source\repos\Audio Player\Audio Player\Music\MusicDisplayer\MusicDisplayer.h(54,21): warning C4244: 'argument': conversion from 'double' to 'float', possible loss of data
C:\Users\Ozone\source\repos\Audio Player\Audio Player\Audio Player.cpp(55,15): warning C4244: 'argument': conversion from 'time_t' to 'unsigned int', possible loss of data
C:\Users\Ozone\source\repos\Audio Player\Audio Player\Audio Player.cpp(85,37): warning C4305: 'argument': truncation from 'double' to 'float'
C:\Users\Ozone\source\repos\Audio Player\Audio Player\Audio Player.cpp(103,23): warning C4305: '=': truncation from 'double' to 'float'
C:\Users\Ozone\source\repos\Audio Player\Audio Player\Audio Player.cpp(105,23): warning C4305: '=': truncation from 'double' to 'float'
C:\Users\Ozone\source\repos\Audio Player\Audio Player\Audio Player.cpp(116,23): warning C4305: '=': truncation from 'double' to 'float'
C:\Users\Ozone\source\repos\Audio Player\Audio Player\Audio Player.cpp(120,21): warning C4305: '=': truncation from 'double' to 'float'
C:\Users\Ozone\source\repos\Audio Player\Audio Player\Audio Player.cpp(122,21): warning C4305: '=': truncation from 'double' to 'float'
C:\Users\Ozone\source\repos\Audio Player\Audio Player\Audio Player.cpp(138,116): warning C4305: 'argument': truncation from 'double' to 'float'
C:\Users\Ozone\source\repos\Audio Player\Audio Player\Audio Player.cpp(142,118): warning C4305: 'argument': truncation from 'double' to 'float'
  FontHelper.cpp
  Globals.cpp
  Interactables.cpp
C:\Users\Ozone\source\repos\Audio Player\Audio Player\Interactables\Interactables.h(290,28): warning C4305: 'initializing': truncation from 'double' to 'float'
C:\Users\Ozone\source\repos\Audio Player\Audio Player\Interactables\Interactables.h(328,1): warning C4267: 'initializing': conversion from 'size_t' to 'int', possible loss of data
C:\Users\Ozone\source\repos\Audio Player\Audio Player\Interactables\Interactables.h(398,1): warning C4267: 'initializing': conversion from 'size_t' to 'int', possible loss of data
C:\Users\Ozone\source\repos\Audio Player\Audio Player\Interactables\Interactables.h(400,1): warning C4244: '-=': conversion from 'double' to 'float', possible loss of data
C:\Users\Ozone\source\repos\Audio Player\Audio Player\Interactables\Interactables.h(404,1): warning C4244: '+=': conversion from 'double' to 'float', possible loss of data
C:\Users\Ozone\source\repos\Audio Player\Audio Player\Interactables\Interactables.h(413,14): warning C4244: 'initializing': conversion from 'double' to 'float', possible loss of data
C:\Users\Ozone\source\repos\Audio Player\Audio Player\Interactables\Interactables.h(414,1): warning C4244: '-=': conversion from 'double' to 'float', possible loss of data
C:\Users\Ozone\source\repos\Audio Player\Audio Player\Interactables\Interactables.h(474,1): warning C4267: 'initializing': conversion from 'size_t' to 'int', possible loss of data
  MouseController.cpp
C:\Users\Ozone\source\repos\Audio Player\Audio Player\Interactables\Interactables.h(290,28): warning C4305: 'initializing': truncation from 'double' to 'float'
C:\Users\Ozone\source\repos\Audio Player\Audio Player\Interactables\Interactables.h(328,1): warning C4267: 'initializing': conversion from 'size_t' to 'int', possible loss of data
C:\Users\Ozone\source\repos\Audio Player\Audio Player\Interactables\Interactables.h(398,1): warning C4267: 'initializing': conversion from 'size_t' to 'int', possible loss of data
C:\Users\Ozone\source\repos\Audio Player\Audio Player\Interactables\Interactables.h(400,1): warning C4244: '-=': conversion from 'double' to 'float', possible loss of data
C:\Users\Ozone\source\repos\Audio Player\Audio Player\Interactables\Interactables.h(404,1): warning C4244: '+=': conversion from 'double' to 'float', possible loss of data
C:\Users\Ozone\source\repos\Audio Player\Audio Player\Interactables\Interactables.h(413,14): warning C4244: 'initializing': conversion from 'double' to 'float', possible loss of data
C:\Users\Ozone\source\repos\Audio Player\Audio Player\Interactables\Interactables.h(414,1): warning C4244: '-=': conversion from 'double' to 'float', possible loss of data
C:\Users\Ozone\source\repos\Audio Player\Audio Player\Interactables\Interactables.h(474,1): warning C4267: 'initializing': conversion from 'size_t' to 'int', possible loss of data
C:\Users\Ozone\source\repos\Audio Player\Audio Player\MouseController\MouseController.cpp(39,20): warning C4244: 'initializing': conversion from 'Sint32' to 'float', possible loss of data
  MusicDisplayer.cpp
C:\Users\Ozone\source\repos\Audio Player\Audio Player\Interactables\Interactables.h(290,28): warning C4305: 'initializing': truncation from 'double' to 'float'
C:\Users\Ozone\source\repos\Audio Player\Audio Player\Interactables\Interactables.h(328,1): warning C4267: 'initializing': conversion from 'size_t' to 'int', possible loss of data
C:\Users\Ozone\source\repos\Audio Player\Audio Player\Interactables\Interactables.h(398,1): warning C4267: 'initializing': conversion from 'size_t' to 'int', possible loss of data
C:\Users\Ozone\source\repos\Audio Player\Audio Player\Interactables\Interactables.h(400,1): warning C4244: '-=': conversion from 'double' to 'float', possible loss of data
C:\Users\Ozone\source\repos\Audio Player\Audio Player\Interactables\Interactables.h(404,1): warning C4244: '+=': conversion from 'double' to 'float', possible loss of data
C:\Users\Ozone\source\repos\Audio Player\Audio Player\Interactables\Interactables.h(413,14): warning C4244: 'initializing': conversion from 'double' to 'float', possible loss of data
C:\Users\Ozone\source\repos\Audio Player\Audio Player\Interactables\Interactables.h(414,1): warning C4244: '-=': conversion from 'double' to 'float', possible loss of data
C:\Users\Ozone\source\repos\Audio Player\Audio Player\Interactables\Interactables.h(474,1): warning C4267: 'initializing': conversion from 'size_t' to 'int', possible loss of data
C:\Users\Ozone\source\repos\Audio Player\Audio Player\Music\MusicPlayer\MusicPlayer.h(41,80): warning C4244: 'argument': conversion from 'float' to 'int', possible loss of data
C:\Users\Ozone\source\repos\Audio Player\Audio Player\Music\MusicDisplayer\MusicDisplayer.h(54,21): warning C4244: 'argument': conversion from 'double' to 'float', possible loss of data
  MusicLoader.cpp
  MusicPlayer.cpp
C:\Users\Ozone\source\repos\Audio Player\Audio Player\Music\MusicPlayer\MusicPlayer.h(41,80): warning C4244: 'argument': conversion from 'float' to 'int', possible loss of data
C:\Users\Ozone\source\repos\Audio Player\Audio Player\Music\MusicPlayer\MusicPlayer.cpp(6,32): warning C4305: 'initializing': truncation from 'double' to 'float'
  Generating code
  Previous IPDB not found, fall back to full compilation.
  All 714 functions were compiled because no usable IPDB/IOBJ from previous compilation was found.
  Finished generating code
  Audio Player.vcxproj -> C:\Users\Ozone\source\repos\Audio Player\x64\Release\Audio Player.exe
  Copies the DLLs to the end directory
  C:\Users\Ozone\source\repos\Audio Player\\dlls\libFLAC-8.dll
  C:\Users\Ozone\source\repos\Audio Player\\dlls\libfreetype-6.dll
  C:\Users\Ozone\source\repos\Audio Player\\dlls\libjpeg-9.dll
  C:\Users\Ozone\source\repos\Audio Player\\dlls\libmodplug-1.dll
  C:\Users\Ozone\source\repos\Audio Player\\dlls\libmpg123-0.dll
  C:\Users\Ozone\source\repos\Audio Player\\dlls\libogg-0.dll
  C:\Users\Ozone\source\repos\Audio Player\\dlls\libopus-0.dll
  C:\Users\Ozone\source\repos\Audio Player\\dlls\libopusfile-0.dll
  C:\Users\Ozone\source\repos\Audio Player\\dlls\libpng16-16.dll
  C:\Users\Ozone\source\repos\Audio Player\\dlls\libtiff-5.dll
  C:\Users\Ozone\source\repos\Audio Player\\dlls\libvorbis-0.dll
  C:\Users\Ozone\source\repos\Audio Player\\dlls\libvorbisfile-3.dll
  C:\Users\Ozone\source\repos\Audio Player\\dlls\libwebp-7.dll
  C:\Users\Ozone\source\repos\Audio Player\\dlls\SDL2.dll
  C:\Users\Ozone\source\repos\Audio Player\\dlls\SDL2_image.dll
  C:\Users\Ozone\source\repos\Audio Player\\dlls\SDL2_mixer.dll
  C:\Users\Ozone\source\repos\Audio Player\\dlls\SDL2_ttf.dll
  C:\Users\Ozone\source\repos\Audio Player\\dlls\zlib1.dll
  18 File(s) copied
